app/build/outputs/mapping/release/seeds.txt
com.google.android.material.chip.Chip: void setCheckable(boolean)
com.google.android.material.floatingactionbutton.ExtendedFloatingActionButton: void setShowMotionSpecResource(int)
net.openvpn.openvpn.ClientAPI_Config: boolean getInfo()
net.openvpn.openvpn.ClientAPI_ServerEntryVector: long capacity()
androidx.recyclerview.widget.RecyclerView: void setRecycledViewPool(androidx.recyclerview.widget.RecyclerView$RecycledViewPool)
androidx.appcompat.widget.AppCompatCheckedTextView: android.content.res.ColorStateList getSupportCheckMarkTintList()
androidx.appcompat.widget.ContentFrameLayout: ContentFrameLayout(android.content.Context,android.util.AttributeSet)
com.google.android.material.textfield.TextInputLayout: void setPrefixText(java.lang.CharSequence)
com.google.android.material.card.MaterialCardView: void setStrokeColor(android.content.res.ColorStateList)
com.github.mikephil.charting.charts.Chart: void setTouchEnabled(boolean)
androidx.vectordrawable.graphics.drawable.VectorDrawableCompat$VGroup: float getRotation()
net.openvpn.openvpn.ClientAPI_TunBuilderBase: void tun_builder_establish_lite()
androidx.appcompat.widget.SearchView: void setOnQueryTextFocusChangeListener(android.view.View$OnFocusChangeListener)
androidx.media.AudioAttributesCompatParcelizer
androidx.appcompat.widget.Toolbar: int getContentInsetEnd()
net.openvpn.openvpn.ClientAPI_ExternalPKISignRequest: void setData(java.lang.String)
com.google.android.material.button.MaterialButtonToggleGroup: void setSelectionRequired(boolean)
androidx.appcompat.widget.Toolbar: void setCollapseIcon(int)
androidx.appcompat.widget.AppCompatAutoCompleteTextView: android.content.res.ColorStateList getSupportBackgroundTintList()
androidx.appcompat.widget.ActionBarContainer: void setTabContainer(androidx.appcompat.widget.ScrollingTabContainerView)
com.google.android.material.appbar.AppBarLayout: void setElevation(float)
net.openvpn.openvpn.ovpncliJNI: void ClientAPI_OpenVPNClient_resume(long,net.openvpn.openvpn.ClientAPI_OpenVPNClient)
com.google.android.material.floatingactionbutton.FloatingActionButton: void setHideMotionSpec(com.google.android.material.animation.MotionSpec)
net.openvpn.openvpn.ovpncliJNI: long ClientAPI_ServerEntryVector_size(long,net.openvpn.openvpn.ClientAPI_ServerEntryVector)
net.openvpn.openvpn.ClientAPI_TunBuilderBase: void finalize()
com.google.android.material.textfield.TextInputLayout: int getBoxStrokeColor()
com.google.android.material.behavior.HideBottomViewOnScrollBehavior
com.google.android.material.internal.CheckableImageButton: void setChecked(boolean)
net.openvpn.openvpn.ovpncliJNI: void ClientAPI_Event_fatal_set(long,net.openvpn.openvpn.ClientAPI_Event,boolean)
com.google.android.material.chip.Chip: com.google.android.material.shape.ShapeAppearanceModel getShapeAppearanceModel()
androidx.core.view.ViewCompat$Api21Impl: java.lang.String getTransitionName(android.view.View)
net.openvpn.openvpn.ClientAPI_OpenVPNClient$1
androidx.appcompat.widget.AppCompatImageButton: void setSupportImageTintMode(android.graphics.PorterDuff$Mode)
com.google.android.material.card.MaterialCardView: int getStrokeWidth()
net.openvpn.openvpn.ClientAPI_OpenVPNClient: void stop()
com.google.android.material.chip.Chip: void setBackgroundTintList(android.content.res.ColorStateList)
net.openvpn.openvpn.ovpncliJNI: void ClientAPI_ConnectionInfo_serverProto_set(long,net.openvpn.openvpn.ClientAPI_ConnectionInfo,java.lang.String)
androidx.appcompat.widget.Toolbar: void setSubtitleTextColor(android.content.res.ColorStateList)
com.google.android.material.bottomappbar.BottomAppBar: void setFabAlignmentMode(int)
androidx.appcompat.widget.MenuPopupWindow$MenuDropDownListView
net.openvpn.openvpn.ovpncliJNI: boolean ClientAPI_EvalConfig_allowPasswordSave_get(long,net.openvpn.openvpn.ClientAPI_EvalConfig)
com.google.android.material.textfield.TextInputLayout: void setBoxStrokeWidth(int)