app/build/outputs/mapping/release/mapping.txt
# compiler: R8
# compiler_version: 2.1.86
# min_api: 21
# pg_map_id: bd3ebe4
# common_typos_disable
app.dev.shapla.vpn.R$styleable -> ti:
    int[] ShowHidePasswordEditText -> b
    int[] CircleProgressBar -> a
...
androidx.fragment.app.FragmentTransitionCompat21$2 -> he$b:
    android.view.View val$fragmentView -> a
    java.util.ArrayList val$exitingViews -> b
androidx.fragment.app.FragmentTransitionCompat21$3 -> he$c:
    java.lang.Object val$sharedElementTransition -> e
    java.lang.Object val$exitTransition -> c
    java.util.ArrayList val$sharedElementsIn -> f
    java.lang.Object val$enterTransition -> a
    java.util.ArrayList val$exitingViews -> d
    java.util.ArrayList val$enteringViews -> b
    androidx.fragment.app.FragmentTransitionCompat21 this$0 -> g
androidx.fragment.app.FragmentTransitionCompat21$4 -> he$d:
    java.lang.Runnable val$transitionCompleteRunnable -> a
androidx.fragment.app.FragmentTransitionCompat21$5 -> he$e:
    android.graphics.Rect val$epicenter -> a
androidx.fragment.app.FragmentTransitionImpl -> ie:
    void addTarget(java.lang.Object,android.view.View) -> a
    void addTargets(java.lang.Object,java.util.ArrayList) -> b
    void beginDelayedTransition(android.view.ViewGroup,java.lang.Object) -> c
    1:1:java.lang.String androidx.core.view.ViewCompat.getTransitionName(android.view.View):0:0 -> d
    1:1:void bfsAddViewChildren(java.util.List,android.view.View):0 -> d
    2:2:void bfsAddViewChildren(java.util.List,android.view.View):0:0 -> d
    3:3:java.lang.String androidx.core.view.ViewCompat.getTransitionName(android.view.View):0:0 -> d
    3:3:void bfsAddViewChildren(java.util.List,android.view.View):0 -> d
    4:4:void bfsAddViewChildren(java.util.List,android.view.View):0:0 -> d
    boolean canHandle(java.lang.Object) -> e
    1:1:boolean androidx.core.view.ViewGroupCompat.isTransitionGroup(android.view.ViewGroup):0:0 -> f
    1:1:void captureTransitioningViews(java.util.ArrayList,android.view.View):0 -> f
    2:2:void captureTransitioningViews(java.util.ArrayList,android.view.View):0:0 -> f
    java.lang.Object cloneTransition(java.lang.Object) -> g
    boolean containedBeforeIndex(java.util.List,android.view.View,int) -> h
    1:1:java.lang.String androidx.core.view.ViewCompat.getTransitionName(android.view.View):0:0 -> i
    1:1:void findNamedViews(java.util.Map,android.view.View):0 -> i
    2:2:void findNamedViews(java.util.Map,android.view.View):0:0 -> i
androidx.fragment.app.FragmentTransitionImpl$1 -> ie$a:
    java.util.ArrayList val$outNames -> f
    java.util.ArrayList val$sharedElementsOut -> e
    java.util.ArrayList val$inNames -> d
    int val$numSharedElements -> b
    java.util.ArrayList val$sharedElementsIn -> c
    1:1:void androidx.core.view.ViewCompat.setTransitionName(android.view.View,java.lang.String):0:0 -> run
    1:1:void run():0 -> run
    2:2:void run():0:0 -> run
    3:3:void androidx.core.view.ViewCompat.setTransitionName(android.view.View,java.lang.String):0:0 -> run
    3:3:void run():0 -> run
androidx.fragment.app.FragmentTransitionImpl$2 -> je:
    java.util.Map val$nameOverrides -> c
    java.util.ArrayList val$sharedElementsIn -> b
    1:1:java.lang.String androidx.core.view.ViewCompat.getTransitionName(android.view.View):0:0 -> run
    1:1:void run():0 -> run
    2:2:void run():0:0 -> run
    3:3:java.lang.String androidx.fragment.app.FragmentTransitionImpl.findKeyForValue(java.util.Map,java.lang.String):0:0 -> run
    3:3:void run():0 -> run
    4:4:void androidx.core.view.ViewCompat.setTransitionName(android.view.View,java.lang.String):0:0 -> run
    4:4:void run():0 -> run
androidx.fragment.app.FragmentTransitionImpl$3 -> ke:
    java.util.Map val$nameOverrides -> c
    java.util.ArrayList val$sharedElementsIn -> b
    1:1:java.lang.String androidx.core.view.ViewCompat.getTransitionName(android.view.View):0:0 -> run
    1:1:void run():0 -> run
    2:2:void run():0:0 -> run
    3:3:void androidx.core.view.ViewCompat.setTransitionName(android.view.View,java.lang.String):0:0 -> run
    3:3:void run():0 -> run