app/build/outputs/mapping/release/usage.txt
app.dev.shapla.vpn.R$string
app.dev.shapla.vpn.R$integer
app.dev.shapla.vpn.R$drawable
app.dev.shapla.vpn.R$plurals
app.dev.shapla.vpn.R$animator
app.dev.shapla.vpn.R$font
app.dev.shapla.vpn.R$xml
app.dev.shapla.vpn.R$id
app.dev.shapla.vpn.R$interpolator
app.dev.shapla.vpn.R$anim
app.dev.shapla.vpn.R$layout
app.dev.shapla.vpn.R$color
app.dev.shapla.vpn.R$raw
app.dev.shapla.vpn.R$styleable:
    private void <init>()
    public static final int ActionBar_background
    public static final int ActionBar_backgroundSplit
    public static final int ActionBar_backgroundStacked
    public static final int ActionBar_contentInsetEnd
    public static final int ActionBar_contentInsetEndWithActions
    public static final int ActionBar_contentInsetLeft
    public static final int ActionBar_contentInsetRight
    public static final int ActionBar_contentInsetStart
    public static final int ActionBar_contentInsetStartWithNavigation
    public static final int ActionBar_customNavigationLayout
    public static final int ActionBar_displayOptions
    public static final int ActionBar_divider
    public static final int ActionBar_elevation
    public static final int ActionBar_height
    public static final int ActionBar_hideOnContentScroll
    public static final int ActionBar_homeAsUpIndicator
    public static final int ActionBar_homeLayout
    public static final int ActionBar_icon
    public static final int ActionBar_indeterminateProgressStyle
    public static final int ActionBar_itemPadding
    public static final int ActionBar_logo
    public static final int ActionBar_navigationMode
    public static final int ActionBar_popupTheme
    public static final int ActionBar_progressBarPadding
    public static final int ActionBar_progressBarStyle
    public static final int ActionBar_subtitle
app.dev.shapla.vpn.R$array
app.dev.shapla.vpn.R$dimen
app.dev.shapla.vpn.R$style
app.dev.shapla.vpn.BuildConfig
app.dev.shapla.vpn.R$attr
app.dev.shapla.vpn.R
app.dev.shapla.vpn.R$bool
app.dev.shapla.vpn.R$menu
app.dev.shapla.vpn.R$mipmap
app.dev.shapla.vpn.R$styleable:
    public static final int[] ActionBar
    public static final int[] ActionBarLayout
    public static final int[] ActionMenuItemView
    public static final int[] ActionMenuView
    public static final int[] ActionMode
    public static final int[] ActivityChooserView
    public static final int[] AlertDialog
    public static final int[] AnimatedStateListDrawableCompat
    public static final int[] AnimatedStateListDrawableItem
    public static final int[] AnimatedStateListDrawableTransition
    public static final int[] AppBarLayout
    public static final int[] AppBarLayoutStates
    public static final int[] AppBarLayout_Layout
    public static final int[] AppCompatEmojiHelper
    public static final int[] AppCompatImageView
    public static final int[] AppCompatSeekBar
    public static final int[] AppCompatTextHelper
    public static final int[] AppCompatTextView
    public static final int[] AppCompatTheme
    public static final int[] Badge
    public static final int[] BaseProgressIndicator
    public static final int[] BottomAppBar
    public static final int[] BottomNavigationView
    public static final int[] BottomSheetBehavior_Layout
    public static final int[] ButtonBarLayout
    public static final int[] Capability
    public static final int[] CardView
    public static final int[] CheckedTextView
    public static final int[] Chip
    public static final int[] ChipGroup
...
androidx.fragment.app.FragmentTransitionCompat21$2:
    public final synthetic androidx.fragment.app.FragmentTransitionCompat21 this$0
androidx.core.app.TaskStackBuilder
com.github.mikephil.charting.utils.Fill$Direction
renz.javacodez.vpn.activities.OpenVPNApplication:
    public static android.content.Context getContext()
    public static java.lang.String resString(int)
androidx.coordinatorlayout.widget.CoordinatorLayout$ViewElevationComparator:
    public int compare(android.view.View,android.view.View)
androidx.lifecycle.LiveData$LifecycleBoundObserver:
    public void <init>(androidx.lifecycle.LiveData,androidx.lifecycle.LifecycleOwner,androidx.lifecycle.Observer)
    public boolean isAttachedTo(androidx.lifecycle.LifecycleOwner)
android.support.v4.media.session.PlaybackStateCompat$1:
    public android.support.v4.media.session.PlaybackStateCompat createFromParcel(android.os.Parcel)
    public android.support.v4.media.session.PlaybackStateCompat[] newArray(int)
androidx.core.content.res.ResourcesCompat$ThemeCompat
com.github.mikephil.charting.data.BaseEntry:
    public android.graphics.drawable.Drawable getIcon()
    public void setY(float)
    public java.lang.Object getData()
    public void setData(java.lang.Object)
    public android.graphics.drawable.Drawable mIcon
androidx.core.view.WindowInsetsCompat$TypeImpl30
androidx.constraintlayout.widget.Barrier:
    public boolean allowsGoneWidget()
    public final void updateType(androidx.constraintlayout.solver.widgets.ConstraintWidget,int,boolean)
androidx.emoji2.viewsintegration.EmojiTextViewHelper$HelperInternal19:
    public android.text.method.TransformationMethod wrapTransformationMethod(android.text.method.TransformationMethod)
    public void setEnabledUnsafe(boolean)
    public final void updateFilters()
    public final android.text.InputFilter[] addEmojiInputFilterIfMissing(android.text.InputFilter[])
    public final android.text.InputFilter[] removeEmojiInputFilterIfPresent(android.text.InputFilter[])
    public final android.util.SparseArray getEmojiInputFilterPositionArray(android.text.InputFilter[])
    public final android.text.method.TransformationMethod unwrapForDisabled(android.text.method.TransformationMethod)
    public final android.text.method.TransformationMethod wrapForEnabled(android.text.method.TransformationMethod)
androidx.fragment.app.FragmentTransitionImpl$3:
    public final synthetic androidx.fragment.app.FragmentTransitionImpl this$0
renz.javacodez.vpn.activities.OpenVPNClient$16:
    public void onSelectedFilePaths(java.lang.String[])
com.github.mikephil.charting.utils.FSize:
    public static void recycleInstance(com.github.mikephil.charting.utils.FSize)
androidx.appcompat.view.menu.MenuItemImpl$1:
    public void onActionProviderVisibilityChanged(boolean)
androidx.transition.ChangeBounds$9:
    public final synthetic androidx.transition.ChangeBounds this$0
androidx.lifecycle.ViewTreeViewModelStoreOwner
androidx.core.view.ViewPropertyAnimatorUpdateListener:
    public abstract void onAnimationUpdate(android.view.View)
androidx.customview.widget.ViewDragHelper$Callback:
    public void onEdgeTouched()
    public boolean onEdgeLock()
    public void onEdgeDragStarted()
    public int getOrderedChildIndex(int)
androidx.fragment.app.DefaultSpecialEffectsController$2:
    public final synthetic androidx.fragment.app.DefaultSpecialEffectsController this$0
androidx.core.R$id
androidx.fragment.app.BackStackState:
    public androidx.fragment.app.BackStackRecord instantiate(androidx.fragment.app.FragmentManager)
androidx.versionedparcelable.ParcelImpl$1:
    public androidx.versionedparcelable.ParcelImpl createFromParcel(android.os.Parcel)
    public androidx.versionedparcelable.ParcelImpl[] newArray(int)
com.github.mikephil.charting.renderer.LineRadarRenderer:
    public final boolean clipPathSupported()